<?xml version="1.0" encoding="UTF-8"?>
<coverage generated="1638165623">
  <project timestamp="1638165623">
    <file name="W:\ADRIANGREEN\PROJECTS\dblmetaphone\src\DoubleMetaphone.php">
      <class name="AdrianGreen\Phonetic\DoubleMetaphone" namespace="global">
        <metrics complexity="265" methods="36" coveredmethods="36" conditionals="0" coveredconditionals="0" statements="449" coveredstatements="449" elements="485" coveredelements="485"/>
      </class>
      <line num="44" type="method" name="__construct" visibility="public" complexity="1" crap="1" count="3657"/>
      <line num="46" type="stmt" count="3657"/>
      <line num="47" type="stmt" count="3657"/>
      <line num="60" type="method" name="isDoubleMetaphoneEqual" visibility="public" complexity="1" crap="1" count="1"/>
      <line num="63" type="stmt" count="1"/>
      <line num="65" type="stmt" count="1"/>
      <line num="77" type="method" name="doubleMetaphone" visibility="public" complexity="3" crap="3" count="3650"/>
      <line num="79" type="stmt" count="3650"/>
      <line num="80" type="stmt" count="3650"/>
      <line num="81" type="stmt" count="3650"/>
      <line num="82" type="stmt" count="1"/>
      <line num="85" type="stmt" count="3649"/>
      <line num="87" type="stmt" count="3649"/>
      <line num="98" type="method" name="getDoubleMetaphoneResult" visibility="public" complexity="2" crap="2" count="5"/>
      <line num="100" type="stmt" count="5"/>
      <line num="101" type="stmt" count="5"/>
      <line num="102" type="stmt" count="5"/>
      <line num="103" type="stmt" count="1"/>
      <line num="106" type="stmt" count="5"/>
      <line num="112" type="method" name="cleanInput" visibility="private" complexity="2" crap="2" count="3656"/>
      <line num="114" type="stmt" count="3656"/>
      <line num="115" type="stmt" count="3"/>
      <line num="118" type="stmt" count="3653"/>
      <line num="119" type="stmt" count="3653"/>
      <line num="120" type="stmt" count="3653"/>
      <line num="121" type="stmt" count="3653"/>
      <line num="131" type="method" name="isSlavoGermanic" visibility="private" complexity="4" crap="4" count="3654"/>
      <line num="134" type="stmt" count="3654"/>
      <line num="135" type="stmt" count="3352"/>
      <line num="136" type="stmt" count="2798"/>
      <line num="137" type="stmt" count="3654"/>
      <line num="146" type="method" name="isSilentStart" visibility="private" complexity="3" crap="3" count="3654"/>
      <line num="148" type="stmt" count="3654"/>
      <line num="149" type="stmt" count="3654"/>
      <line num="150" type="stmt" count="42"/>
      <line num="154" type="stmt" count="3612"/>
      <line num="160" type="method" name="handleAEIOUY" visibility="private" complexity="2" crap="2" count="3589"/>
      <line num="162" type="stmt" count="3589"/>
      <line num="163" type="stmt" count="432"/>
      <line num="166" type="stmt" count="3589"/>
      <line num="173" type="method" name="charAt" visibility="protected" complexity="3" crap="3" count="3653"/>
      <line num="175" type="stmt" count="3653"/>
      <line num="176" type="stmt" count="1407"/>
      <line num="179" type="stmt" count="3653"/>
      <line num="185" type="method" name="handleC" visibility="private" complexity="17" crap="17" count="622"/>
      <line num="187" type="stmt" count="622"/>
      <line num="188" type="stmt" count="6"/>
      <line num="189" type="stmt" count="6"/>
      <line num="190" type="stmt" count="616"/>
      <line num="191" type="stmt" count="6"/>
      <line num="192" type="stmt" count="6"/>
      <line num="193" type="stmt" count="610"/>
      <line num="194" type="stmt" count="216"/>
      <line num="195" type="stmt" count="402"/>
      <line num="197" type="stmt" count="9"/>
      <line num="198" type="stmt" count="9"/>
      <line num="199" type="stmt" count="393"/>
      <line num="201" type="stmt" count="3"/>
      <line num="202" type="stmt" count="3"/>
      <line num="204" type="stmt" count="393"/>
      <line num="206" type="stmt" count="36"/>
      <line num="209" type="stmt" count="357"/>
      <line num="210" type="stmt" count="83"/>
      <line num="211" type="stmt" count="83"/>
      <line num="212" type="stmt" count="277"/>
      <line num="214" type="stmt" count="60"/>
      <line num="215" type="stmt" count="3"/>
      <line num="217" type="stmt" count="57"/>
      <line num="219" type="stmt" count="60"/>
      <line num="221" type="stmt" count="222"/>
      <line num="222" type="stmt" count="222"/>
      <line num="224" type="stmt" count="6"/>
      <line num="225" type="stmt" count="216"/>
      <line num="226" type="stmt" count="6"/>
      <line num="227" type="stmt" count="6"/>
      <line num="229" type="stmt" count="210"/>
      <line num="234" type="stmt" count="586"/>
      <line num="240" type="method" name="conditionC0" visibility="private" complexity="7" crap="7" count="622"/>
      <line num="242" type="stmt" count="622"/>
      <line num="243" type="stmt" count="3"/>
      <line num="246" type="stmt" count="619"/>
      <line num="247" type="stmt" count="251"/>
      <line num="250" type="stmt" count="386"/>
      <line num="251" type="stmt" count="90"/>
      <line num="254" type="stmt" count="299"/>
      <line num="255" type="stmt" count="288"/>
      <line num="258" type="stmt" count="11"/>
      <line num="260" type="stmt" count="11"/>
      <line num="261" type="stmt" count="11"/>
      <line num="275" type="method" name="contains" visibility="protected" complexity="4" crap="4" count="3310"/>
      <line num="277" type="stmt" count="3310"/>
      <line num="278" type="stmt" count="3083"/>
      <line num="279" type="stmt" count="3083"/>
      <line num="280" type="stmt" count="1287"/>
      <line num="284" type="stmt" count="3271"/>
      <line num="290" type="method" name="isVowel" visibility="private" complexity="1" crap="1" count="909"/>
      <line num="292" type="stmt" count="909"/>
      <line num="298" type="method" name="handleCH" visibility="private" complexity="7" crap="7" count="216"/>
      <line num="300" type="stmt" count="216"/>
      <line num="301" type="stmt" count="42"/>
      <line num="303" type="stmt" count="42"/>
      <line num="306" type="stmt" count="174"/>
      <line num="308" type="stmt" count="6"/>
      <line num="310" type="stmt" count="6"/>
      <line num="313" type="stmt" count="168"/>
      <line num="315" type="stmt" count="52"/>
      <line num="317" type="stmt" count="52"/>
      <line num="320" type="stmt" count="116"/>
      <line num="321" type="stmt" count="83"/>
      <line num="322" type="stmt" count="3"/>
      <line num="324" type="stmt" count="80"/>
      <line num="327" type="stmt" count="36"/>
      <line num="330" type="stmt" count="116"/>
      <line num="336" type="method" name="conditionCH0" visibility="private" complexity="5" crap="5" count="174"/>
      <line num="338" type="stmt" count="174"/>
      <line num="339" type="stmt" count="105"/>
      <line num="342" type="stmt" count="72"/>
      <line num="343" type="stmt" count="72"/>
      <line num="344" type="stmt" count="63"/>
      <line num="347" type="stmt" count="9"/>
      <line num="348" type="stmt" count="3"/>
      <line num="351" type="stmt" count="6"/>
      <line num="357" type="method" name="conditionCH1" visibility="private" complexity="8" crap="8" count="168"/>
      <line num="361" type="stmt" count="168"/>
      <line num="363" type="stmt" count="168"/>
      <line num="365" type="stmt" count="162"/>
      <line num="368" type="stmt" count="159"/>
      <line num="371" type="stmt" count="107"/>
      <line num="372" type="stmt" count="168"/>
      <line num="381" type="method" name="handleCC" visibility="private" complexity="6" crap="6" count="36"/>
      <line num="383" type="stmt" count="36"/>
      <line num="385" type="stmt" count="30"/>
      <line num="386" type="stmt" count="24"/>
      <line num="387" type="stmt" count="24"/>
      <line num="390" type="stmt" count="15"/>
      <line num="393" type="stmt" count="15"/>
      <line num="395" type="stmt" count="30"/>
      <line num="397" type="stmt" count="6"/>
      <line num="398" type="stmt" count="6"/>
      <line num="401" type="stmt" count="36"/>
      <line num="407" type="method" name="handleD" visibility="private" complexity="4" crap="4" count="755"/>
      <line num="409" type="stmt" count="755"/>
      <line num="411" type="stmt" count="15"/>
      <line num="412" type="stmt" count="12"/>
      <line num="413" type="stmt" count="12"/>
      <line num="416" type="stmt" count="3"/>
      <line num="417" type="stmt" count="3"/>
      <line num="420" type="stmt" count="740"/>
      <line num="421" type="stmt" count="740"/>
      <line num="422" type="stmt" count="28"/>
      <line num="424" type="stmt" count="712"/>
      <line num="428" type="stmt" count="755"/>
      <line num="434" type="method" name="handleG" visibility="private" complexity="26" crap="26" count="611"/>
      <line num="436" type="stmt" count="611"/>
      <line num="437" type="stmt" count="47"/>
      <line num="438" type="stmt" count="564"/>
      <line num="439" type="stmt" count="36"/>
      <line num="440" type="stmt" count="3"/>
      <line num="441" type="stmt" count="33"/>
      <line num="442" type="stmt" count="27"/>
      <line num="444" type="stmt" count="6"/>
      <line num="446" type="stmt" count="36"/>
      <line num="447" type="stmt" count="534"/>
      <line num="448" type="stmt" count="3"/>
      <line num="449" type="stmt" count="3"/>
      <line num="450" type="stmt" count="531"/>
      <line num="451" type="stmt" count="201"/>
      <line num="452" type="stmt" count="201"/>
      <line num="454" type="stmt" count="27"/>
      <line num="455" type="stmt" count="27"/>
      <line num="457" type="stmt" count="504"/>
      <line num="458" type="stmt" count="492"/>
      <line num="459" type="stmt" count="424"/>
      <line num="460" type="stmt" count="424"/>
      <line num="463" type="stmt" count="23"/>
      <line num="464" type="stmt" count="23"/>
      <line num="465" type="stmt" count="481"/>
      <line num="466" type="stmt" count="319"/>
      <line num="467" type="stmt" count="319"/>
      <line num="470" type="stmt" count="168"/>
      <line num="471" type="stmt" count="160"/>
      <line num="473" type="stmt" count="32"/>
      <line num="474" type="stmt" count="136"/>
      <line num="475" type="stmt" count="3"/>
      <line num="477" type="stmt" count="133"/>
      <line num="479" type="stmt" count="168"/>
      <line num="481" type="stmt" count="316"/>
      <line num="482" type="stmt" count="14"/>
      <line num="484" type="stmt" count="304"/>
      <line num="486" type="stmt" count="316"/>
      <line num="489" type="stmt" count="611"/>
      <line num="495" type="method" name="handleGH" visibility="private" complexity="16" crap="16" count="47"/>
      <line num="497" type="stmt" count="47"/>
      <line num="498" type="stmt" count="8"/>
      <line num="499" type="stmt" count="39"/>
      <line num="500" type="stmt" count="12"/>
      <line num="501" type="stmt" count="6"/>
      <line num="503" type="stmt" count="6"/>
      <line num="505" type="stmt" count="27"/>
      <line num="506" type="stmt" count="21"/>
      <line num="507" type="stmt" count="21"/>
      <line num="508" type="stmt" count="21"/>
      <line num="510" type="stmt" count="21"/>
      <line num="511" type="stmt" count="21"/>
      <line num="512" type="stmt" count="18"/>
      <line num="513" type="stmt" count="18"/>
      <line num="516" type="stmt" count="15"/>
      <line num="517" type="stmt" count="6"/>
      <line num="518" type="stmt" count="3"/>
      <line num="521" type="stmt" count="47"/>
      <line num="523" type="stmt" count="47"/>
      <line num="529" type="method" name="handleH" visibility="private" complexity="4" crap="4" count="326"/>
      <line num="532" type="stmt" count="326"/>
      <line num="533" type="stmt" count="261"/>
      <line num="534" type="stmt" count="213"/>
      <line num="535" type="stmt" count="213"/>
      <line num="538" type="stmt" count="119"/>
      <line num="541" type="stmt" count="326"/>
      <line num="547" type="method" name="handleJ" visibility="private" complexity="17" crap="17" count="307"/>
      <line num="549" type="stmt" count="307"/>
      <line num="551" type="stmt" count="27"/>
      <line num="552" type="stmt" count="21"/>
      <line num="553" type="stmt" count="18"/>
      <line num="554" type="stmt" count="15"/>
      <line num="556" type="stmt" count="12"/>
      <line num="558" type="stmt" count="27"/>
      <line num="560" type="stmt" count="280"/>
      <line num="561" type="stmt" count="207"/>
      <line num="562" type="stmt" count="73"/>
      <line num="563" type="stmt" count="34"/>
      <line num="564" type="stmt" count="9"/>
      <line num="565" type="stmt" count="64"/>
      <line num="566" type="stmt" count="11"/>
      <line num="567" type="stmt" count="53"/>
      <line num="568" type="stmt" count="50"/>
      <line num="569" type="stmt" count="50"/>
      <line num="571" type="stmt" count="280"/>
      <line num="572" type="stmt" count="12"/>
      <line num="574" type="stmt" count="268"/>
      <line num="578" type="stmt" count="307"/>
      <line num="584" type="method" name="handleL" visibility="private" complexity="3" crap="3" count="1041"/>
      <line num="586" type="stmt" count="1041"/>
      <line num="587" type="stmt" count="174"/>
      <line num="588" type="stmt" count="19"/>
      <line num="590" type="stmt" count="155"/>
      <line num="592" type="stmt" count="174"/>
      <line num="594" type="stmt" count="892"/>
      <line num="595" type="stmt" count="892"/>
      <line num="598" type="stmt" count="1041"/>
      <line num="604" type="method" name="conditionL0" visibility="private" complexity="6" crap="6" count="174"/>
      <line num="606" type="stmt" count="174"/>
      <line num="607" type="stmt" count="11"/>
      <line num="610" type="stmt" count="163"/>
      <line num="611" type="stmt" count="161"/>
      <line num="612" type="stmt" count="14"/>
      <line num="613" type="stmt" count="8"/>
      <line num="616" type="stmt" count="155"/>
      <line num="623" type="method" name="conditionM0dleL" visibility="private" complexity="4" crap="4" count="734"/>
      <line num="625" type="stmt" count="734"/>
      <line num="626" type="stmt" count="19"/>
      <line num="629" type="stmt" count="718"/>
      <line num="630" type="stmt" count="3"/>
      <line num="631" type="stmt" count="718"/>
      <line num="637" type="method" name="handleP" visibility="private" complexity="3" crap="3" count="340"/>
      <line num="639" type="stmt" count="340"/>
      <line num="640" type="stmt" count="60"/>
      <line num="641" type="stmt" count="60"/>
      <line num="643" type="stmt" count="289"/>
      <line num="644" type="stmt" count="289"/>
      <line num="647" type="stmt" count="340"/>
      <line num="653" type="method" name="handleR" visibility="private" complexity="6" crap="6" count="1670"/>
      <line num="655" type="stmt" count="1670"/>
      <line num="656" type="stmt" count="9"/>
      <line num="657" type="stmt" count="9"/>
      <line num="659" type="stmt" count="1667"/>
      <line num="662" type="stmt" count="1670"/>
      <line num="668" type="method" name="handleS" visibility="private" complexity="17" crap="17" count="1117"/>
      <line num="670" type="stmt" count="1117"/>
      <line num="672" type="stmt" count="12"/>
      <line num="673" type="stmt" count="1105"/>
      <line num="675" type="stmt" count="3"/>
      <line num="676" type="stmt" count="3"/>
      <line num="677" type="stmt" count="1102"/>
      <line num="678" type="stmt" count="60"/>
      <line num="679" type="stmt" count="60"/>
      <line num="680" type="stmt" count="60"/>
      <line num="683" type="stmt" count="5"/>
      <line num="685" type="stmt" count="55"/>
      <line num="687" type="stmt" count="60"/>
      <line num="688" type="stmt" count="1048"/>
      <line num="690" type="stmt" count="19"/>
      <line num="691" type="stmt" count="9"/>
      <line num="693" type="stmt" count="10"/>
      <line num="695" type="stmt" count="19"/>
      <line num="696" type="stmt" count="1029"/>
      <line num="697" type="stmt" count="1005"/>
      <line num="698" type="stmt" count="1005"/>
      <line num="704" type="stmt" count="36"/>
      <line num="705" type="stmt" count="36"/>
      <line num="706" type="stmt" count="993"/>
      <line num="707" type="stmt" count="69"/>
      <line num="709" type="stmt" count="930"/>
      <line num="710" type="stmt" count="356"/>
      <line num="712" type="stmt" count="6"/>
      <line num="714" type="stmt" count="927"/>
      <line num="716" type="stmt" count="930"/>
      <line num="719" type="stmt" count="1117"/>
      <line num="725" type="method" name="handleSC" visibility="private" complexity="8" crap="8" count="69"/>
      <line num="727" type="stmt" count="69"/>
      <line num="729" type="stmt" count="56"/>
      <line num="731" type="stmt" count="18"/>
      <line num="733" type="stmt" count="12"/>
      <line num="735" type="stmt" count="6"/>
      <line num="737" type="stmt" count="38"/>
      <line num="738" type="stmt" count="9"/>
      <line num="740" type="stmt" count="29"/>
      <line num="742" type="stmt" count="13"/>
      <line num="743" type="stmt" count="3"/>
      <line num="745" type="stmt" count="10"/>
      <line num="748" type="stmt" count="69"/>
      <line num="754" type="method" name="handleT" visibility="private" complexity="9" crap="9" count="848"/>
      <line num="756" type="stmt" count="848"/>
      <line num="757" type="stmt" count="6"/>
      <line num="758" type="stmt" count="6"/>
      <line num="759" type="stmt" count="845"/>
      <line num="760" type="stmt" count="18"/>
      <line num="761" type="stmt" count="18"/>
      <line num="762" type="stmt" count="830"/>
      <line num="763" type="stmt" count="728"/>
      <line num="764" type="stmt" count="728"/>
      <line num="765" type="stmt" count="728"/>
      <line num="767" type="stmt" count="120"/>
      <line num="769" type="stmt" count="87"/>
      <line num="770" type="stmt" count="87"/>
      <line num="771" type="stmt" count="33"/>
      <line num="773" type="stmt" count="87"/>
      <line num="775" type="stmt" count="120"/>
      <line num="777" type="stmt" count="719"/>
      <line num="778" type="stmt" count="719"/>
      <line num="781" type="stmt" count="848"/>
      <line num="787" type="method" name="handleW" visibility="private" complexity="11" crap="11" count="286"/>
      <line num="789" type="stmt" count="286"/>
      <line num="791" type="stmt" count="3"/>
      <line num="792" type="stmt" count="3"/>
      <line num="793" type="stmt" count="283"/>
      <line num="794" type="stmt" count="119"/>
      <line num="795" type="stmt" count="3"/>
      <line num="796" type="stmt" count="3"/>
      <line num="798" type="stmt" count="119"/>
      <line num="800" type="stmt" count="116"/>
      <line num="803" type="stmt" count="3"/>
      <line num="805" type="stmt" count="119"/>
      <line num="806" type="stmt" count="164"/>
      <line num="807" type="stmt" count="131"/>
      <line num="808" type="stmt" count="111"/>
      <line num="810" type="stmt" count="62"/>
      <line num="811" type="stmt" count="62"/>
      <line num="812" type="stmt" count="102"/>
      <line num="814" type="stmt" count="10"/>
      <line num="815" type="stmt" count="10"/>
      <line num="817" type="stmt" count="92"/>
      <line num="820" type="stmt" count="286"/>
      <line num="826" type="method" name="handleX" visibility="private" complexity="6" crap="6" count="45"/>
      <line num="828" type="stmt" count="45"/>
      <line num="829" type="stmt" count="3"/>
      <line num="830" type="stmt" count="3"/>
      <line num="832" type="stmt" count="42"/>
      <line num="833" type="stmt" count="21"/>
      <line num="834" type="stmt" count="12"/>
      <line num="835" type="stmt" count="12"/>
      <line num="838" type="stmt" count="30"/>
      <line num="840" type="stmt" count="42"/>
      <line num="843" type="stmt" count="45"/>
      <line num="849" type="method" name="handleZ" visibility="private" complexity="7" crap="7" count="156"/>
      <line num="851" type="stmt" count="156"/>
      <line num="853" type="stmt" count="12"/>
      <line num="854" type="stmt" count="12"/>
      <line num="856" type="stmt" count="144"/>
      <line num="857" type="stmt" count="138"/>
      <line num="858" type="stmt" count="48"/>
      <line num="859" type="stmt" count="36"/>
      <line num="860" type="stmt" count="36"/>
      <line num="861" type="stmt" count="36"/>
      <line num="862" type="stmt" count="39"/>
      <line num="864" type="stmt" count="105"/>
      <line num="866" type="stmt" count="144"/>
      <line num="869" type="stmt" count="156"/>
      <line num="877" type="method" name="getMaxCodeLen" visibility="public" complexity="1" crap="1" count="1"/>
      <line num="879" type="stmt" count="1"/>
      <line num="887" type="method" name="setMaxCodeLen" visibility="public" complexity="1" crap="1" count="1"/>
      <line num="889" type="stmt" count="1"/>
      <line num="890" type="stmt" count="1"/>
      <line num="892" type="method" name="doubleMetaphoneResult" visibility="protected" complexity="40" crap="40" count="3654"/>
      <line num="894" type="stmt" count="3654"/>
      <line num="895" type="stmt" count="3654"/>
      <line num="896" type="stmt" count="3654"/>
      <line num="898" type="stmt" count="3654"/>
      <line num="899" type="stmt" count="3654"/>
      <line num="900" type="stmt" count="3653"/>
      <line num="901" type="stmt" count="3653"/>
      <line num="902" type="stmt" count="3653"/>
      <line num="903" type="stmt" count="3653"/>
      <line num="904" type="stmt" count="3653"/>
      <line num="905" type="stmt" count="3653"/>
      <line num="906" type="stmt" count="3653"/>
      <line num="907" type="stmt" count="3589"/>
      <line num="908" type="stmt" count="3589"/>
      <line num="909" type="stmt" count="3653"/>
      <line num="910" type="stmt" count="421"/>
      <line num="911" type="stmt" count="421"/>
      <line num="912" type="stmt" count="421"/>
      <line num="918" type="stmt" count="3647"/>
      <line num="919" type="stmt" count="622"/>
      <line num="920" type="stmt" count="622"/>
      <line num="921" type="stmt" count="3635"/>
      <line num="922" type="stmt" count="755"/>
      <line num="923" type="stmt" count="755"/>
      <line num="924" type="stmt" count="3613"/>
      <line num="925" type="stmt" count="242"/>
      <line num="926" type="stmt" count="242"/>
      <line num="927" type="stmt" count="242"/>
      <line num="928" type="stmt" count="3607"/>
      <line num="929" type="stmt" count="611"/>
      <line num="930" type="stmt" count="611"/>
      <line num="931" type="stmt" count="3586"/>
      <line num="932" type="stmt" count="326"/>
      <line num="933" type="stmt" count="326"/>
      <line num="934" type="stmt" count="3577"/>
      <line num="935" type="stmt" count="307"/>
      <line num="936" type="stmt" count="307"/>
      <line num="937" type="stmt" count="3559"/>
      <line num="938" type="stmt" count="487"/>
      <line num="939" type="stmt" count="487"/>
      <line num="940" type="stmt" count="487"/>
      <line num="941" type="stmt" count="3523"/>
      <line num="942" type="stmt" count="1041"/>
      <line num="943" type="stmt" count="1041"/>
      <line num="944" type="stmt" count="3421"/>
      <line num="945" type="stmt" count="734"/>
      <line num="946" type="stmt" count="734"/>
      <line num="947" type="stmt" count="734"/>
      <line num="948" type="stmt" count="3298"/>
      <line num="949" type="stmt" count="1461"/>
      <line num="950" type="stmt" count="1461"/>
      <line num="951" type="stmt" count="1461"/>
      <line num="957" type="stmt" count="2948"/>
      <line num="958" type="stmt" count="340"/>
      <line num="959" type="stmt" count="340"/>
      <line num="960" type="stmt" count="2872"/>
      <line num="961" type="stmt" count="15"/>
      <line num="962" type="stmt" count="15"/>
      <line num="963" type="stmt" count="15"/>
      <line num="964" type="stmt" count="2863"/>
      <line num="965" type="stmt" count="1670"/>
      <line num="966" type="stmt" count="1670"/>
      <line num="967" type="stmt" count="2095"/>
      <line num="968" type="stmt" count="1117"/>
      <line num="969" type="stmt" count="1117"/>
      <line num="970" type="stmt" count="1520"/>
      <line num="971" type="stmt" count="848"/>
      <line num="972" type="stmt" count="848"/>
      <line num="973" type="stmt" count="835"/>
      <line num="974" type="stmt" count="257"/>
      <line num="975" type="stmt" count="257"/>
      <line num="976" type="stmt" count="257"/>
      <line num="977" type="stmt" count="625"/>
      <line num="978" type="stmt" count="286"/>
      <line num="979" type="stmt" count="286"/>
      <line num="980" type="stmt" count="376"/>
      <line num="981" type="stmt" count="45"/>
      <line num="982" type="stmt" count="45"/>
      <line num="983" type="stmt" count="331"/>
      <line num="984" type="stmt" count="156"/>
      <line num="985" type="stmt" count="156"/>
      <line num="989" type="stmt" count="199"/>
      <line num="990" type="stmt" count="12"/>
      <line num="991" type="stmt" count="12"/>
      <line num="992" type="stmt" count="12"/>
      <line num="993" type="stmt" count="189"/>
      <line num="994" type="stmt" count="3"/>
      <line num="995" type="stmt" count="3"/>
      <line num="996" type="stmt" count="3"/>
      <line num="998" type="stmt" count="186"/>
      <line num="999" type="stmt" count="186"/>
      <line num="1003" type="stmt" count="3654"/>
      <metrics loc="1006" ncloc="833" classes="1" methods="36" coveredmethods="36" conditionals="0" coveredconditionals="0" statements="449" coveredstatements="449" elements="485" coveredelements="485"/>
    </file>
    <file name="W:\ADRIANGREEN\PROJECTS\dblmetaphone\src\DoubleMetaphoneResult.php">
      <class name="AdrianGreen\Phonetic\DoubleMetaphoneResult" namespace="global">
        <metrics complexity="13" methods="9" coveredmethods="9" conditionals="0" coveredconditionals="0" statements="29" coveredstatements="29" elements="38" coveredelements="38"/>
      </class>
      <line num="25" type="method" name="__construct" visibility="public" complexity="1" crap="1" count="3656"/>
      <line num="27" type="stmt" count="3656"/>
      <line num="28" type="stmt" count="3656"/>
      <line num="29" type="stmt" count="3656"/>
      <line num="30" type="stmt" count="3656"/>
      <line num="31" type="stmt" count="3656"/>
      <line num="33" type="method" name="setValue" visibility="public" complexity="1" crap="1" count="2"/>
      <line num="35" type="stmt" count="2"/>
      <line num="36" type="stmt" count="2"/>
      <line num="38" type="method" name="append" visibility="public" complexity="2" crap="2" count="3653"/>
      <line num="40" type="stmt" count="3653"/>
      <line num="41" type="stmt" count="3653"/>
      <line num="42" type="stmt" count="837"/>
      <line num="44" type="stmt" count="3647"/>
      <line num="47" type="stmt" count="3653"/>
      <line num="49" type="method" name="appendPrimary" visibility="public" complexity="2" crap="2" count="3653"/>
      <line num="51" type="stmt" count="3653"/>
      <line num="52" type="stmt" count="3653"/>
      <line num="54" type="stmt" count="3653"/>
      <line num="56" type="method" name="appendAlternate" visibility="public" complexity="2" crap="2" count="3653"/>
      <line num="58" type="stmt" count="3653"/>
      <line num="59" type="stmt" count="3653"/>
      <line num="60" type="stmt" count="3653"/>
      <line num="62" type="stmt" count="36"/>
      <line num="64" type="stmt" count="3653"/>
      <line num="66" type="method" name="isComplete" visibility="public" complexity="2" crap="2" count="3654"/>
      <line num="68" type="stmt" count="3654"/>
      <line num="69" type="stmt" count="3654"/>
      <line num="75" type="method" name="toJson" visibility="public" complexity="1" crap="1" count="6"/>
      <line num="78" type="stmt" count="6"/>
      <line num="79" type="stmt" count="6"/>
      <line num="80" type="stmt" count="6"/>
      <line num="81" type="stmt" count="6"/>
      <line num="82" type="stmt" count="6"/>
      <line num="85" type="method" name="getPrimary" visibility="public" complexity="1" crap="1" count="3656"/>
      <line num="87" type="stmt" count="3656"/>
      <line num="90" type="method" name="getAlternate" visibility="public" complexity="1" crap="1" count="6"/>
      <line num="92" type="stmt" count="6"/>
      <metrics loc="95" ncloc="82" classes="1" methods="9" coveredmethods="9" conditionals="0" coveredconditionals="0" statements="29" coveredstatements="29" elements="38" coveredelements="38"/>
    </file>
    <metrics files="2" loc="1101" ncloc="915" classes="2" methods="45" coveredmethods="45" conditionals="0" coveredconditionals="0" statements="478" coveredstatements="478" elements="523" coveredelements="523"/>
  </project>
</coverage>
